2021-05-04 01:18:07 | CREATED_USER | error | 123@gmail.com
2021-05-06 23:07:44 | CREATED_USER | error | 1234@gmail.com
2021-05-06 23:12:41 | LOGIN | error | admin.vnist@gmail.com
2021-05-06 23:14:05 | LOGIN | error | admin.vnist@gmail.com
2021-05-06 23:15:13 | LOGIN | error | admin.vnist@gmail.com
2021-05-06 23:16:47 | LOGIN | error | 1234@gmail.comd
2021-05-06 23:17:20 | LOGIN | error | 1234@gmail.comd
2021-05-06 23:17:24 | LOGIN | error | 1234@gmail.comd
2021-05-06 23:24:12 | LOGIN | error | 1234@gmail.comd
2021-05-06 23:24:18 | LOGIN | error | 1234@gmail.comd
2021-05-06 23:24:20 | LOGIN | error | 1234@gmail.comd
2021-05-06 23:24:55 | LOGIN | error | 1234@gmail.comd
2021-05-06 23:25:18 | LOGIN | error | 1234@gmail.comd
2021-05-06 23:26:10 | LOGIN | error | 1234@gmail.comd
2021-05-06 23:26:14 | LOGIN | error | 1234@gmail.comd
2021-05-06 23:26:48 | LOGIN | error | 1234@gmail.comd
2021-05-06 23:26:50 | LOGIN | error | 1234@gmail.comd
2021-05-06 23:27:03 | LOGIN | error | 1234@gmail.comd
2021-05-06 23:28:05 | LOGIN | error | 1234@gmail.comd
2021-05-06 23:30:32 | LOGIN | error | 1234@gmail.comd
2021-05-06 23:36:04 | LOGIN | error | admin.vnist@gmail.com
2021-05-06 23:46:33 | LOGIN | error | admin.vnist@gmail.com
2021-05-06 23:46:36 | LOGIN | error | admin.vnist@gmail.com
2021-05-06 23:46:37 | LOGIN | error | admin.vnist@gmail.com
2021-05-06 23:46:38 | LOGIN | error | admin.vnist@gmail.com
2021-05-06 23:46:45 | LOGIN | error | admin.vnist@gmail.com
2021-05-07 01:22:15 | LOGIN | error | admin.vnist@gmail.com
2021-05-07 01:28:16 | LOGIN | error | admin.vnist@gmail.com
2021-05-07 01:28:50 | LOGIN | error | admin.vnist@gmail.com
2021-05-07 01:28:52 | LOGIN | error | admin.vnist@gmail.com
2021-05-07 01:28:53 | LOGIN | error | admin.vnist@gmail.com
2021-05-07 01:29:47 | LOGIN | error | admin.vnist@gmail.com
2021-05-07 01:31:49 | LOGIN | error | admin.vnist@gmail.com
2021-05-07 01:33:32 | LOGIN | error | 1234@gmail.com
2021-05-07 01:34:15 | LOGIN | error | admin.vnist@gmail.com
2021-05-07 01:34:23 | LOGIN | error | admin.vnist@gmail.com
2021-05-07 01:34:28 | LOGIN | error | admin.vnist@gmail.com
2021-05-07 01:34:34 | LOGIN | error | 1234@gmail.com
2021-05-07 01:36:57 | LOGIN | error | admin.vnist@gmail.com
2021-05-07 01:40:24 | LOGIN | error | admin.vnist@gmail.com
2021-05-07 01:40:54 | LOGIN | error | admin.vnist@gmail.com
2021-05-07 01:40:58 | LOGIN | error | admin.vnist@gmail.com
2021-05-07 01:40:59 | LOGIN | error | admin.vnist@gmail.com
2021-05-07 01:44:16 | LOGIN | error | nva@gmail.com
2021-05-07 01:46:00 | LOGIN | error | admin.vnist@gmail.com
2021-05-07 01:46:35 | LOGIN | error | nva@gmail.com
2021-05-07 21:57:47 | LOGIN | error | admin.vnist@gmail.com
2021-05-07 21:57:48 | LOGIN | error | admin.vnist@gmail.com
2021-05-07 21:57:49 | LOGIN | error | admin.vnist@gmail.com
2021-05-07 21:58:29 | LOGIN | error | admin.vnist@gmail.com
2021-05-07 21:58:44 | LOGIN | error | admin.vnist@gmail.com
2021-05-07 21:58:45 | LOGIN | error | admin.vnist@gmail.com
2021-05-07 21:59:02 | LOGIN | error | admin.vnist@gmail.com
2021-05-07 21:59:06 | LOGIN | error | admin.vnist@gmail.com
2021-05-07 21:59:08 | LOGIN | error | admin.vnist@gmail.com
2021-05-07 21:59:09 | LOGIN | error | admin.vnist@gmail.com
2021-05-07 21:59:10 | LOGIN | error | admin.vnist@gmail.com
2021-05-07 21:59:12 | LOGIN | error | admin.vnist@gmail.com
2021-05-07 21:59:12 | LOGIN | error | admin.vnist@gmail.com
2021-05-07 21:59:13 | LOGIN | error | admin.vnist@gmail.com
2021-05-07 21:59:37 | LOGIN | error | admin.vnist@gmail.com
2021-05-07 21:59:45 | LOGIN | error | admin.vnist@gmail.com
2021-05-07 23:24:47 | LOGIN | error | admin.vnist@gmail.com
2021-05-07 23:24:50 | LOGIN | error | admin.vnist@gmail.com
2021-05-07 23:24:50 | LOGIN | error | admin.vnist@gmail.com
2021-05-07 23:35:03 | CREATED_USER | error | nva@gmail.com
2021-05-07 23:53:09 | CREATED_USER | error | admin.vnist@gmail.com
2021-05-07 23:53:59 | CREATED_USER | error | admin.vnist@gmail.com
2021-05-07 23:56:32 | CREATED_USER | error | admin.vnist@gmail.com
2021-05-07 23:59:19 | CREATED_USER | error | nvb@gmail.com
2021-05-08 00:01:37 | CREATED_USER | error | nvb@gmail.com
2021-05-08 00:02:33 | CREATED_USER | error | nvb@gmail.com
2021-05-08 00:02:51 | CREATED_USER | error | nvb@gmail.com
2021-05-08 00:03:04 | CREATED_USER | error | undefined
2021-05-08 00:03:17 | CREATED_USER | error | admin.vnist@gmail.com
2021-05-08 00:03:19 | CREATED_USER | error | admin.vnist@gmail.com
2021-05-08 00:03:30 | CREATED_USER | error | admin.vnist@gmail.com
2021-05-08 00:07:28 | LOGIN | error | admin.vnist@gmail.com
2021-05-08 00:22:28 | CREATED_USER | error | yuanlady@gmail.com
2021-05-08 00:45:20 | CREATED_USER | error | phamdaitai9899@gmail.com
2021-05-08 00:45:33 | CREATED_USER | error | phamdaitai9899@gmail.com
2021-05-08 00:46:38 | CREATED_USER | error | phamdaitai9899@gmail.com
2021-05-08 00:47:08 | CREATED_USER | error | phamdaitai9899@gmail.com
2021-05-08 00:49:05 | CREATED_USER | error | phamdaitai9899@gmail.com
2021-05-08 00:49:30 | CREATED_USER | error | phamdaitai9899@gmail.com
2021-05-08 00:49:33 | CREATED_USER | error | phamdaitai9899@gmail.com
2021-05-08 00:49:35 | CREATED_USER | error | phamdaitai9899@gmail.com
