2021-05-04 01:18:07 | CREATED_USER | error | 123@gmail.com
2021-05-04 01:18:22 | CREATED_USER | info | 1234@gmail.com
2021-05-04 22:13:11 | LOGIN | info | 1234@gmail.com
2021-05-04 22:18:01 | LOGIN | info | 1234@gmail.com
2021-05-04 22:18:03 | LOGIN | info | 1234@gmail.com
2021-05-04 22:18:04 | LOGIN | info | 1234@gmail.com
2021-05-04 22:18:06 | LOGIN | info | 1234@gmail.com
2021-05-04 22:18:07 | LOGIN | info | 1234@gmail.com
2021-05-04 22:18:09 | LOGIN | info | 1234@gmail.com
2021-05-04 22:18:10 | LOGIN | info | 1234@gmail.com
2021-05-04 22:18:11 | LOGIN | info | 1234@gmail.com
2021-05-04 22:18:12 | LOGIN | info | 1234@gmail.com
2021-05-04 22:18:12 | LOGIN | info | 1234@gmail.com
2021-05-04 22:18:13 | LOGIN | info | 1234@gmail.com
2021-05-04 22:18:14 | LOGIN | info | 1234@gmail.com
2021-05-04 22:18:15 | LOGIN | info | 1234@gmail.com
2021-05-04 22:18:16 | LOGIN | info | 1234@gmail.com
2021-05-04 22:18:17 | LOGIN | info | 1234@gmail.com
2021-05-04 22:49:42 | LOGIN | info | 1234@gmail.com
2021-05-04 22:53:07 | CREATED_POST | info | 1234@gmail.com
2021-05-06 23:02:22 | LOGIN | info | 1234@gmail.com
2021-05-06 23:07:44 | CREATED_USER | error | 1234@gmail.com
2021-05-06 23:12:41 | LOGIN | error | admin.vnist@gmail.com
2021-05-06 23:14:05 | LOGIN | error | admin.vnist@gmail.com
2021-05-06 23:15:13 | LOGIN | error | admin.vnist@gmail.com
2021-05-06 23:15:49 | LOGIN | info | 1234@gmail.com
2021-05-06 23:16:47 | LOGIN | error | 1234@gmail.comd
2021-05-06 23:17:20 | LOGIN | error | 1234@gmail.comd
2021-05-06 23:17:24 | LOGIN | error | 1234@gmail.comd
2021-05-06 23:17:56 | LOGIN | info | 1234@gmail.com
2021-05-06 23:24:08 | LOGIN | info | 1234@gmail.com
2021-05-06 23:24:12 | LOGIN | error | 1234@gmail.comd
2021-05-06 23:24:18 | LOGIN | error | 1234@gmail.comd
2021-05-06 23:24:20 | LOGIN | error | 1234@gmail.comd
2021-05-06 23:24:55 | LOGIN | error | 1234@gmail.comd
2021-05-06 23:25:18 | LOGIN | error | 1234@gmail.comd
2021-05-06 23:26:10 | LOGIN | error | 1234@gmail.comd
2021-05-06 23:26:14 | LOGIN | error | 1234@gmail.comd
2021-05-06 23:26:48 | LOGIN | error | 1234@gmail.comd
2021-05-06 23:26:50 | LOGIN | error | 1234@gmail.comd
2021-05-06 23:27:03 | LOGIN | error | 1234@gmail.comd
2021-05-06 23:28:05 | LOGIN | error | 1234@gmail.comd
2021-05-06 23:30:32 | LOGIN | error | 1234@gmail.comd
2021-05-06 23:30:39 | LOGIN | info | 1234@gmail.com
2021-05-06 23:36:04 | LOGIN | error | admin.vnist@gmail.com
2021-05-06 23:46:33 | LOGIN | error | admin.vnist@gmail.com
2021-05-06 23:46:36 | LOGIN | error | admin.vnist@gmail.com
2021-05-06 23:46:37 | LOGIN | error | admin.vnist@gmail.com
2021-05-06 23:46:38 | LOGIN | error | admin.vnist@gmail.com
2021-05-06 23:46:45 | LOGIN | error | admin.vnist@gmail.com
2021-05-06 23:53:28 | LOGIN | info | 1234@gmail.com
2021-05-07 01:13:51 | LOGIN | info | 1234@gmail.com
2021-05-07 01:14:12 | LOGIN | info | 1234@gmail.com
2021-05-07 01:14:51 | LOGIN | info | 1234@gmail.com
2021-05-07 01:19:39 | LOGIN | info | 1234@gmail.com
2021-05-07 01:22:15 | LOGIN | error | admin.vnist@gmail.com
2021-05-07 01:28:16 | LOGIN | error | admin.vnist@gmail.com
2021-05-07 01:28:50 | LOGIN | error | admin.vnist@gmail.com
2021-05-07 01:28:52 | LOGIN | error | admin.vnist@gmail.com
2021-05-07 01:28:53 | LOGIN | error | admin.vnist@gmail.com
2021-05-07 01:29:47 | LOGIN | error | admin.vnist@gmail.com
2021-05-07 01:31:49 | LOGIN | error | admin.vnist@gmail.com
2021-05-07 01:32:02 | LOGIN | info | 1234@gmail.com
2021-05-07 01:32:07 | LOGIN | info | 1234@gmail.com
2021-05-07 01:33:32 | LOGIN | error | 1234@gmail.com
2021-05-07 01:33:36 | LOGIN | info | 1234@gmail.com
2021-05-07 01:34:15 | LOGIN | error | admin.vnist@gmail.com
2021-05-07 01:34:23 | LOGIN | error | admin.vnist@gmail.com
2021-05-07 01:34:28 | LOGIN | error | admin.vnist@gmail.com
2021-05-07 01:34:34 | LOGIN | error | 1234@gmail.com
2021-05-07 01:34:40 | LOGIN | info | 1234@gmail.com
2021-05-07 01:36:57 | LOGIN | error | admin.vnist@gmail.com
2021-05-07 01:37:22 | LOGIN | info | 1234@gmail.com
2021-05-07 01:40:24 | LOGIN | error | admin.vnist@gmail.com
2021-05-07 01:40:39 | LOGIN | info | 1234@gmail.com
2021-05-07 01:40:54 | LOGIN | error | admin.vnist@gmail.com
2021-05-07 01:40:58 | LOGIN | error | admin.vnist@gmail.com
2021-05-07 01:40:59 | LOGIN | error | admin.vnist@gmail.com
2021-05-07 01:41:07 | LOGIN | info | 1234@gmail.com
